<?xml version="1.0" encoding="UTF-8"?>
<!-- Generated by org.testng.reporters.JUnitXMLReporter -->
<testsuite ignored="0" hostname="LBLT-13647" failures="1" tests="4" name="SauceDemoWebsiteTests" time="24.272" errors="0" timestamp="2025-04-30T00:50:36 IST">
  <testcase classname="SauceDemoTest" name="login" time="3.298"/>
  <testcase classname="SauceDemoTest" name="verifyProductsSortedZToA" time="3.093"/>
  <testcase classname="SauceDemoTest" name="verifyPricesSortedHighToLow" time="0.319">
    <failure type="java.lang.AssertionError" message="Prices are NOT sorted from High to Low! expected [true] but found [false]">
      <![CDATA[java.lang.AssertionError: Prices are NOT sorted from High to Low! expected [true] but found [false]
at SauceDemoTest.verifyPricesSortedHighToLow(SauceDemoTest.java:92)
at java.base/java.util.ArrayList.forEach(ArrayList.java:1511)
... Removed 34 stack frames]]>
    </failure>
  </testcase> <!-- verifyPricesSortedHighToLow -->
  <testcase classname="SauceDemoTest" name="verifyCheckoutJourney" time="0.489"/>
</testsuite> <!-- SauceDemoWebsiteTests -->
